Flow report for ChromaKey
Fri Jan 21 11:05:59 2022
Quartus Prime Version 17.1.1 Internal Build 593 12/11/2017 SJ Standard Edition


---------------------
; Table of Contents ;
---------------------
  1. Legal Notice
  2. Flow Summary
  3. Flow Settings
  4. Flow Non-Default Global Settings
  5. Flow Elapsed Time
  6. Flow OS Summary
  7. Flow Log
  8. Flow Messages
  9. Flow Suppressed Messages



----------------
; Legal Notice ;
----------------
Copyright (C) 2017  Intel Corporation. All rights reserved.
Your use of Intel Corporation's design tools, logic functions 
and other software and tools, and its AMPP partner logic 
functions, and any output files from any of the foregoing 
(including device programming or simulation files), and any 
associated documentation or information are expressly subject 
to the terms and conditions of the Intel Program License 
Subscription Agreement, the Intel Quartus Prime License Agreement,
the Intel FPGA IP License Agreement, or other applicable license
agreement, including, without limitation, that your use is for
the sole purpose of programming logic devices manufactured by
Intel and sold by Intel or its authorized distributors.  Please
refer to the applicable agreement for further details.



+-----------------------------------------------------------------------------------------------+
; Flow Summary                                                                                  ;
+------------------------------------+----------------------------------------------------------+
; Flow Status                        ; Successful - Fri Jan 21 11:05:50 2022                    ;
; Quartus Prime Version              ; 17.1.1 Internal Build 593 12/11/2017 SJ Standard Edition ;
; Revision Name                      ; ChromaKey                                                ;
; Top-level Entity Name              ; ChromaKey                                                ;
; Family                             ; Cyclone IV E                                             ;
; Device                             ; EP4CE115F29C7                                            ;
; Timing Models                      ; Final                                                    ;
; Total logic elements               ; 12,111 / 114,480 ( 11 % )                                ;
;     Total combinational functions  ; 10,785 / 114,480 ( 9 % )                                 ;
;     Dedicated logic registers      ; 7,564 / 114,480 ( 7 % )                                  ;
; Total registers                    ; 7683                                                     ;
; Total pins                         ; 358 / 529 ( 68 % )                                       ;
; Total virtual pins                 ; 0                                                        ;
; Total memory bits                  ; 397,056 / 3,981,312 ( 10 % )                             ;
; Embedded Multiplier 9-bit elements ; 16 / 532 ( 3 % )                                         ;
; Total PLLs                         ; 2 / 4 ( 50 % )                                           ;
+------------------------------------+----------------------------------------------------------+


+-----------------------------------------+
; Flow Settings                           ;
+-------------------+---------------------+
; Option            ; Setting             ;
+-------------------+---------------------+
; Start date & time ; 01/21/2022 11:03:14 ;
; Main task         ; Compilation         ;
; Revision Name     ; ChromaKey           ;
+-------------------+---------------------+


+------------------------------------------------------------------------------------------------------------------------------------------------+
; Flow Non-Default Global Settings                                                                                                               ;
+-------------------------------------+---------------------------------------------------------------+---------------+-------------+------------+
; Assignment Name                     ; Value                                                         ; Default Value ; Entity Name ; Section Id ;
+-------------------------------------+---------------------------------------------------------------+---------------+-------------+------------+
; COMPILER_SIGNATURE_ID               ; 242211430917474.164275939307304                               ; --            ; --          ; --         ;
; MAX_CORE_JUNCTION_TEMP              ; 85                                                            ; --            ; --          ; --         ;
; MIN_CORE_JUNCTION_TEMP              ; 0                                                             ; --            ; --          ; --         ;
; MISC_FILE                           ; nios_system/synthesis/../nios_system.cmp                      ; --            ; --          ; --         ;
; MISC_FILE                           ; nios_system/synthesis/../../nios_system.qsys                  ; --            ; --          ; --         ;
; NOMINAL_CORE_SUPPLY_VOLTAGE         ; 1.2V                                                          ; --            ; --          ; --         ;
; PARTITION_COLOR                     ; -- (Not supported for targeted family)                        ; --            ; --          ; Top        ;
; PARTITION_FITTER_PRESERVATION_LEVEL ; -- (Not supported for targeted family)                        ; --            ; --          ; Top        ;
; PARTITION_NETLIST_TYPE              ; -- (Not supported for targeted family)                        ; --            ; --          ; Top        ;
; POWER_BOARD_THERMAL_MODEL           ; None (CONSERVATIVE)                                           ; --            ; --          ; --         ;
; POWER_PRESET_COOLING_SOLUTION       ; 23 MM HEAT SINK WITH 200 LFPM AIRFLOW                         ; --            ; --          ; --         ;
; PROJECT_OUTPUT_DIRECTORY            ; output_files                                                  ; --            ; --          ; --         ;
; SLD_FILE                            ; nios_system/synthesis/nios_system.regmap                      ; --            ; --          ; --         ;
; SLD_FILE                            ; nios_system/synthesis/nios_system.debuginfo                   ; --            ; --          ; --         ;
; SLD_INFO                            ; QSYS_NAME nios_system HAS_SOPCINFO 1 GENERATION_ID 1642759255 ; --            ; nios_system ; --         ;
; SOPCINFO_FILE                       ; nios_system/synthesis/../../nios_system.sopcinfo              ; --            ; --          ; --         ;
; SYNTHESIS_ONLY_QIP                  ; On                                                            ; --            ; --          ; --         ;
+-------------------------------------+---------------------------------------------------------------+---------------+-------------+------------+


+-------------------------------------------------------------------------------------------------------------------------------+
; Flow Elapsed Time                                                                                                             ;
+---------------------------+--------------+-------------------------+---------------------+------------------------------------+
; Module Name               ; Elapsed Time ; Average Processors Used ; Peak Virtual Memory ; Total CPU Time (on all processors) ;
+---------------------------+--------------+-------------------------+---------------------+------------------------------------+
; Analysis & Synthesis      ; 00:01:32     ; 1.0                     ; 5203 MB             ; 00:01:56                           ;
; Fitter                    ; 00:00:47     ; 1.1                     ; 6021 MB             ; 00:01:09                           ;
; Assembler                 ; 00:00:05     ; 1.0                     ; 4746 MB             ; 00:00:04                           ;
; TimeQuest Timing Analyzer ; 00:00:08     ; 1.2                     ; 4983 MB             ; 00:00:09                           ;
; Total                     ; 00:02:32     ; --                      ; --                  ; 00:03:18                           ;
+---------------------------+--------------+-------------------------+---------------------+------------------------------------+


+-----------------------------------------------------------------------------------------+
; Flow OS Summary                                                                         ;
+---------------------------+------------------+------------+------------+----------------+
; Module Name               ; Machine Hostname ; OS Name    ; OS Version ; Processor type ;
+---------------------------+------------------+------------+------------+----------------+
; Analysis & Synthesis      ; labpro02         ; Windows 10 ; 10.0       ; x86_64         ;
; Fitter                    ; labpro02         ; Windows 10 ; 10.0       ; x86_64         ;
; Assembler                 ; labpro02         ; Windows 10 ; 10.0       ; x86_64         ;
; TimeQuest Timing Analyzer ; labpro02         ; Windows 10 ; 10.0       ; x86_64         ;
+---------------------------+------------------+------------+------------+----------------+


------------
; Flow Log ;
------------
quartus_map --read_settings_files=on --write_settings_files=off ChromaKey -c ChromaKey
quartus_fit --read_settings_files=off --write_settings_files=off ChromaKey -c ChromaKey
quartus_asm --read_settings_files=off --write_settings_files=off ChromaKey -c ChromaKey
quartus_sta ChromaKey -c ChromaKey



