17:01:38 **** Incremental Build of configuration Nios II for project miCromaKey ****
make all 
Info: Building ../miCromaKey_bsp/
C:/intelFPGA/17.1/nios2eds/bin/gnu/H-x86_64-mingw32/bin/make --no-print-directory -C ../miCromaKey_bsp/
[BSP build complete]
Info: Compiling test_mtl.c to obj/default/test_mtl.o
nios2-elf-gcc -xc -MP -MMD -c -I../miCromaKey_bsp//HAL/inc -I../miCromaKey_bsp/ -I../miCromaKey_bsp//drivers/inc  -pipe -D__hal__ -DALT_NO_INSTRUCTION_EMULATION -DALT_SINGLE_THREADED    -O0 -g -Wall   -mno-hw-div -mhw-mul -mno-hw-mulx -mgpopt=global  -o obj/default/test_mtl.o test_mtl.c
test_mtl.c: In function 'main':
test_mtl.c:35:27: warning: unused variable 'delay_count' [-Wunused-variable]
  int SW_value, KEY_value, delay_count;
                           ^
test_mtl.c:35:16: warning: unused variable 'KEY_value' [-Wunused-variable]
  int SW_value, KEY_value, delay_count;
                ^
test_mtl.c:35:6: warning: unused variable 'SW_value' [-Wunused-variable]
  int SW_value, KEY_value, delay_count;
      ^
test_mtl.c:34:6: warning: unused variable 'HEX_bits' [-Wunused-variable]
  int HEX_bits = 0x0000000F;         // patrón para los display HEX
      ^
test_mtl.c:32:17: warning: unused variable 'KEY_ptr' [-Wunused-variable]
  volatile int * KEY_ptr = (int *) PUSHBUTTONS_BASE;   // dirección pulsadores KEY
                 ^
test_mtl.c:31:17: warning: unused variable 'SW_switch_ptr' [-Wunused-variable]
  volatile int * SW_switch_ptr = (int *) SWITCHES_BASE;  // dirección SW
                 ^
test_mtl.c:28:17: warning: unused variable 'green_LED_ptr' [-Wunused-variable]
  volatile int * green_LED_ptr = (int *) GREEN_LED_BASE; // dirección LED verdes
                 ^
test_mtl.c:27:17: warning: unused variable 'red_LED_ptr' [-Wunused-variable]
  volatile int * red_LED_ptr = (int *) RED_LEDS_BASE;  // dirección LED rojos
                 ^
Info: Linking miCromaKey.elf
nios2-elf-g++  -T'../miCromaKey_bsp//linker.x' -msys-crt0='../miCromaKey_bsp//obj/HAL/src/crt0.o' -msys-lib=hal_bsp -L../miCromaKey_bsp/   -Wl,-Map=miCromaKey.map   -O0 -g -Wall   -mno-hw-div -mhw-mul -mno-hw-mulx -mgpopt=global  -o miCromaKey.elf obj/default/test_mtl.o -lm -msys-lib=m
nios2-elf-insert miCromaKey.elf --thread_model hal --cpu_name cpu --qsys true --simulation_enabled false --id 0 --sidp 0x10001040 --timestamp 1642693981 --stderr_dev jtag_uart --stdin_dev jtag_uart --stdout_dev jtag_uart --sopc_system_name nios_system --quartus_project_dir "C:/Users/patvalma/Documents/GitHub/Chroma-Key/TRABAJO_CHS" --jdi ../..//output_files/ChromaKey.jdi --sopcinfo C:/Users/patvalma/Documents/GitHub/Chroma-Key/TRABAJO_CHS/software/miCromaKey_bsp/../../nios_system.sopcinfo
Info: (miCromaKey.elf) 42 KBytes program size (code + initialized data).
Info:                  131021 KBytes free for stack + heap.
Info: Creating miCromaKey.objdump
nios2-elf-objdump --disassemble --syms --all-header --source miCromaKey.elf >miCromaKey.objdump
[miCromaKey build complete]
17:01:48 **** Build of configuration Nios II for project miCromaKey ****
make all 
Info: Building ../miCromaKey_bsp/
C:/intelFPGA/17.1/nios2eds/bin/gnu/H-x86_64-mingw32/bin/make --no-print-directory -C ../miCromaKey_bsp/
[BSP build complete]
[miCromaKey build complete]
17:01:50 **** Incremental Build of configuration Nios II for project miCromaKey ****
make all 
Info: Building ../miCromaKey_bsp/
C:/intelFPGA/17.1/nios2eds/bin/gnu/H-x86_64-mingw32/bin/make --no-print-directory -C ../miCromaKey_bsp/
[BSP build complete]
[miCromaKey build complete]
17:02:55 **** Incremental Build of configuration Nios II for project miCromaKey ****
make all 
Info: Building ../miCromaKey_bsp/
C:/intelFPGA/17.1/nios2eds/bin/gnu/H-x86_64-mingw32/bin/make --no-print-directory -C ../miCromaKey_bsp/
[BSP build complete]
[miCromaKey build complete]
17:03:39 **** Incremental Build of configuration Nios II for project miCromaKey ****
make all 
Info: Building ../miCromaKey_bsp/
C:/intelFPGA/17.1/nios2eds/bin/gnu/H-x86_64-mingw32/bin/make --no-print-directory -C ../miCromaKey_bsp/
[BSP build complete]
[miCromaKey build complete]
