16:20:16 **** Incremental Build of configuration Nios II for project chroma_software ****
make all 
Info: Building ../chroma_software_bsp/
C:/intelFPGA/17.1/nios2eds/bin/gnu/H-x86_64-mingw32/bin/make --no-print-directory -C ../chroma_software_bsp/
[BSP build complete]
Info: Compiling pushbutton_ISR.c to obj/default/pushbutton_ISR.o
nios2-elf-gcc -xc -MP -MMD -c -I../chroma_software_bsp//HAL/inc -I../chroma_software_bsp/ -I../chroma_software_bsp//drivers/inc  -pipe -D__hal__ -DALT_NO_INSTRUCTION_EMULATION -DALT_SINGLE_THREADED -DRO_ZIPFS    -O0 -g -Wall   -mno-hw-div -mhw-mul -mno-hw-mulx -mgpopt=global  -o obj/default/pushbutton_ISR.o pushbutton_ISR.c
pushbutton_ISR.c: In function 'pushbutton_ISR':
pushbutton_ISR.c:42:3: warning: implicit declaration of function 'readBMPFile' [-Wimplicit-function-declaration]
   readBMPFile(image);
   ^
pushbutton_ISR.c:48:2: warning: implicit declaration of function 'LCD_thresholds' [-Wimplicit-function-declaration]
  LCD_thresholds();
  ^
pushbutton_ISR.c: At top level:
pushbutton_ISR.c:52:6: warning: conflicting types for 'readBMPFile'
 void readBMPFile(int x)
      ^
pushbutton_ISR.c:42:3: note: previous implicit declaration of 'readBMPFile' was here
   readBMPFile(image);
   ^
Info: Linking chroma_software.elf
nios2-elf-g++  -T'../chroma_software_bsp//linker.x' -msys-crt0='../chroma_software_bsp//obj/HAL/src/crt0.o' -msys-lib=hal_bsp -L../chroma_software_bsp/   -Wl,-Map=chroma_software.map   -O0 -g -Wall   -mno-hw-div -mhw-mul -mno-hw-mulx -mgpopt=global  -o chroma_software.elf obj/default/HEX_PS2.o obj/default/main.o obj/default/pushbutton_ISR.o obj/default/switches_ISR.o -lm -msys-lib=m
nios2-elf-insert chroma_software.elf --thread_model hal --cpu_name cpu --qsys true --simulation_enabled false --id 0 --sidp 0x10001040 --timestamp 1644428085 --stderr_dev jtag_uart --stdin_dev jtag_uart --stdout_dev jtag_uart --sopc_system_name nios_system --quartus_project_dir "C:/Users/patvalma/Documents/GitHub/Chroma-Key/ChromaKey" --jdi ../..//output_files/DE2_115_Media_Computer.jdi --sopcinfo C:/Users/patvalma/Documents/GitHub/Chroma-Key/ChromaKey/software/chroma_software_bsp/../../nios_system.sopcinfo
Info: (chroma_software.elf) 111 KBytes program size (code + initialized data).
Info:                       130952 KBytes free for stack + heap.
Info: Creating chroma_software.objdump
nios2-elf-objdump --disassemble --syms --all-header --source chroma_software.elf >chroma_software.objdump
[chroma_software build complete]
16:20:32 **** Build of configuration Nios II for project chroma_software ****
make all 
Info: Building ../chroma_software_bsp/
C:/intelFPGA/17.1/nios2eds/bin/gnu/H-x86_64-mingw32/bin/make --no-print-directory -C ../chroma_software_bsp/
[BSP build complete]
[chroma_software build complete]
16:20:34 **** Incremental Build of configuration Nios II for project chroma_software ****
make all 
Info: Building ../chroma_software_bsp/
C:/intelFPGA/17.1/nios2eds/bin/gnu/H-x86_64-mingw32/bin/make --no-print-directory -C ../chroma_software_bsp/
[BSP build complete]
[chroma_software build complete]
16:26:16 **** Incremental Build of configuration Nios II for project chroma_software ****
make all 
Info: Building ../chroma_software_bsp/
C:/intelFPGA/17.1/nios2eds/bin/gnu/H-x86_64-mingw32/bin/make --no-print-directory -C ../chroma_software_bsp/
[BSP build complete]
Info: Compiling main.c to obj/default/main.o
nios2-elf-gcc -xc -MP -MMD -c -I../chroma_software_bsp//HAL/inc -I../chroma_software_bsp/ -I../chroma_software_bsp//drivers/inc  -pipe -D__hal__ -DALT_NO_INSTRUCTION_EMULATION -DALT_SINGLE_THREADED -DRO_ZIPFS    -O0 -g -Wall   -mno-hw-div -mhw-mul -mno-hw-mulx -mgpopt=global  -o obj/default/main.o main.c
main.c: In function 'main':
main.c:47:2: warning: implicit declaration of function 'alt_irq_register' [-Wimplicit-function-declaration]
  alt_irq_register(PUSHBUTTONS_IRQ, NULL, pushbutton_ISR);
  ^
Info: Compiling pushbutton_ISR.c to obj/default/pushbutton_ISR.o
nios2-elf-gcc -xc -MP -MMD -c -I../chroma_software_bsp//HAL/inc -I../chroma_software_bsp/ -I../chroma_software_bsp//drivers/inc  -pipe -D__hal__ -DALT_NO_INSTRUCTION_EMULATION -DALT_SINGLE_THREADED -DRO_ZIPFS    -O0 -g -Wall   -mno-hw-div -mhw-mul -mno-hw-mulx -mgpopt=global  -o obj/default/pushbutton_ISR.o pushbutton_ISR.c
pushbutton_ISR.c: In function 'pushbutton_ISR':
pushbutton_ISR.c:41:3: warning: implicit declaration of function 'readBMPFile' [-Wimplicit-function-declaration]
   readBMPFile(image);
   ^
pushbutton_ISR.c:47:2: warning: implicit declaration of function 'umbrales' [-Wimplicit-function-declaration]
  umbrales();
  ^
pushbutton_ISR.c: At top level:
pushbutton_ISR.c:51:6: warning: conflicting types for 'readBMPFile'
 void readBMPFile(int x)
      ^
pushbutton_ISR.c:41:3: note: previous implicit declaration of 'readBMPFile' was here
   readBMPFile(image);
   ^
Info: Linking chroma_software.elf
nios2-elf-g++  -T'../chroma_software_bsp//linker.x' -msys-crt0='../chroma_software_bsp//obj/HAL/src/crt0.o' -msys-lib=hal_bsp -L../chroma_software_bsp/   -Wl,-Map=chroma_software.map   -O0 -g -Wall   -mno-hw-div -mhw-mul -mno-hw-mulx -mgpopt=global  -o chroma_software.elf obj/default/HEX_PS2.o obj/default/main.o obj/default/pushbutton_ISR.o obj/default/switches_ISR.o -lm -msys-lib=m
nios2-elf-insert chroma_software.elf --thread_model hal --cpu_name cpu --qsys true --simulation_enabled false --id 0 --sidp 0x10001040 --timestamp 1644428085 --stderr_dev jtag_uart --stdin_dev jtag_uart --stdout_dev jtag_uart --sopc_system_name nios_system --quartus_project_dir "C:/Users/patvalma/Documents/GitHub/Chroma-Key/ChromaKey" --jdi ../..//output_files/DE2_115_Media_Computer.jdi --sopcinfo C:/Users/patvalma/Documents/GitHub/Chroma-Key/ChromaKey/software/chroma_software_bsp/../../nios_system.sopcinfo
Info: (chroma_software.elf) 111 KBytes program size (code + initialized data).
Info:                       130952 KBytes free for stack + heap.
Info: Creating chroma_software.objdump
nios2-elf-objdump --disassemble --syms --all-header --source chroma_software.elf >chroma_software.objdump
[chroma_software build complete]
16:27:37 **** Incremental Build of configuration Nios II for project chroma_software ****
make all 
Info: Building ../chroma_software_bsp/
C:/intelFPGA/17.1/nios2eds/bin/gnu/H-x86_64-mingw32/bin/make --no-print-directory -C ../chroma_software_bsp/
[BSP build complete]
Info: Compiling switches_ISR.c to obj/default/switches_ISR.o
nios2-elf-gcc -xc -MP -MMD -c -I../chroma_software_bsp//HAL/inc -I../chroma_software_bsp/ -I../chroma_software_bsp//drivers/inc  -pipe -D__hal__ -DALT_NO_INSTRUCTION_EMULATION -DALT_SINGLE_THREADED -DRO_ZIPFS    -O0 -g -Wall   -mno-hw-div -mhw-mul -mno-hw-mulx -mgpopt=global  -o obj/default/switches_ISR.o switches_ISR.c
switches_ISR.c: In function 'switches_ISR':
switches_ISR.c:16:10: warning: implicit declaration of function 'printf' [-Wimplicit-function-declaration]
  case 1: printf("Video\n"); *(chromaProcessor_ptr + 3) = *(slider_switch_ptr); break;
          ^
switches_ISR.c:16:10: warning: incompatible implicit declaration of built-in function 'printf'
switches_ISR.c:16:10: note: include '<stdio.h>' or provide a declaration of 'printf'
Info: Linking chroma_software.elf
nios2-elf-g++  -T'../chroma_software_bsp//linker.x' -msys-crt0='../chroma_software_bsp//obj/HAL/src/crt0.o' -msys-lib=hal_bsp -L../chroma_software_bsp/   -Wl,-Map=chroma_software.map   -O0 -g -Wall   -mno-hw-div -mhw-mul -mno-hw-mulx -mgpopt=global  -o chroma_software.elf obj/default/HEX_PS2.o obj/default/main.o obj/default/pushbutton_ISR.o obj/default/switches_ISR.o -lm -msys-lib=m
nios2-elf-insert chroma_software.elf --thread_model hal --cpu_name cpu --qsys true --simulation_enabled false --id 0 --sidp 0x10001040 --timestamp 1644428085 --stderr_dev jtag_uart --stdin_dev jtag_uart --stdout_dev jtag_uart --sopc_system_name nios_system --quartus_project_dir "C:/Users/patvalma/Documents/GitHub/Chroma-Key/ChromaKey" --jdi ../..//output_files/DE2_115_Media_Computer.jdi --sopcinfo C:/Users/patvalma/Documents/GitHub/Chroma-Key/ChromaKey/software/chroma_software_bsp/../../nios_system.sopcinfo
Info: (chroma_software.elf) 111 KBytes program size (code + initialized data).
Info:                       130952 KBytes free for stack + heap.
Info: Creating chroma_software.objdump
nios2-elf-objdump --disassemble --syms --all-header --source chroma_software.elf >chroma_software.objdump
[chroma_software build complete]
16:30:44 **** Incremental Build of configuration Nios II for project chroma_software ****
make all 
Info: Building ../chroma_software_bsp/
C:/intelFPGA/17.1/nios2eds/bin/gnu/H-x86_64-mingw32/bin/make --no-print-directory -C ../chroma_software_bsp/
[BSP build complete]
Info: Compiling main.c to obj/default/main.o
nios2-elf-gcc -xc -MP -MMD -c -I../chroma_software_bsp//HAL/inc -I../chroma_software_bsp/ -I../chroma_software_bsp//drivers/inc  -pipe -D__hal__ -DALT_NO_INSTRUCTION_EMULATION -DALT_SINGLE_THREADED -DRO_ZIPFS    -O0 -g -Wall   -mno-hw-div -mhw-mul -mno-hw-mulx -mgpopt=global  -o obj/default/main.o main.c
main.c: In function 'main':
main.c:39:2: warning: implicit declaration of function 'alt_irq_register' [-Wimplicit-function-declaration]
  alt_irq_register(PUSHBUTTONS_IRQ, NULL, pushbutton_ISR);
  ^
Info: Linking chroma_software.elf
nios2-elf-g++  -T'../chroma_software_bsp//linker.x' -msys-crt0='../chroma_software_bsp//obj/HAL/src/crt0.o' -msys-lib=hal_bsp -L../chroma_software_bsp/   -Wl,-Map=chroma_software.map   -O0 -g -Wall   -mno-hw-div -mhw-mul -mno-hw-mulx -mgpopt=global  -o chroma_software.elf obj/default/HEX_PS2.o obj/default/main.o obj/default/pushbutton_ISR.o obj/default/switches_ISR.o -lm -msys-lib=m
nios2-elf-insert chroma_software.elf --thread_model hal --cpu_name cpu --qsys true --simulation_enabled false --id 0 --sidp 0x10001040 --timestamp 1644428085 --stderr_dev jtag_uart --stdin_dev jtag_uart --stdout_dev jtag_uart --sopc_system_name nios_system --quartus_project_dir "C:/Users/patvalma/Documents/GitHub/Chroma-Key/ChromaKey" --jdi ../..//output_files/DE2_115_Media_Computer.jdi --sopcinfo C:/Users/patvalma/Documents/GitHub/Chroma-Key/ChromaKey/software/chroma_software_bsp/../../nios_system.sopcinfo
Info: (chroma_software.elf) 111 KBytes program size (code + initialized data).
Info:                       130952 KBytes free for stack + heap.
Info: Creating chroma_software.objdump
nios2-elf-objdump --disassemble --syms --all-header --source chroma_software.elf >chroma_software.objdump
[chroma_software build complete]
16:31:33 **** Incremental Build of configuration Nios II for project chroma_software ****
make all 
Info: Building ../chroma_software_bsp/
C:/intelFPGA/17.1/nios2eds/bin/gnu/H-x86_64-mingw32/bin/make --no-print-directory -C ../chroma_software_bsp/
[BSP build complete]
Info: Compiling pushbutton_ISR.c to obj/default/pushbutton_ISR.o
nios2-elf-gcc -xc -MP -MMD -c -I../chroma_software_bsp//HAL/inc -I../chroma_software_bsp/ -I../chroma_software_bsp//drivers/inc  -pipe -D__hal__ -DALT_NO_INSTRUCTION_EMULATION -DALT_SINGLE_THREADED -DRO_ZIPFS    -O0 -g -Wall   -mno-hw-div -mhw-mul -mno-hw-mulx -mgpopt=global  -o obj/default/pushbutton_ISR.o pushbutton_ISR.c
pushbutton_ISR.c: In function 'pushbutton_ISR':
pushbutton_ISR.c:41:3: warning: implicit declaration of function 'readBMPFile' [-Wimplicit-function-declaration]
   readBMPFile(image);
   ^
pushbutton_ISR.c:47:2: warning: implicit declaration of function 'umbrales' [-Wimplicit-function-declaration]
  umbrales();
  ^
pushbutton_ISR.c: At top level:
pushbutton_ISR.c:51:6: warning: conflicting types for 'readBMPFile'
 void readBMPFile(int x)
      ^
pushbutton_ISR.c:41:3: note: previous implicit declaration of 'readBMPFile' was here
   readBMPFile(image);
   ^
Info: Linking chroma_software.elf
nios2-elf-g++  -T'../chroma_software_bsp//linker.x' -msys-crt0='../chroma_software_bsp//obj/HAL/src/crt0.o' -msys-lib=hal_bsp -L../chroma_software_bsp/   -Wl,-Map=chroma_software.map   -O0 -g -Wall   -mno-hw-div -mhw-mul -mno-hw-mulx -mgpopt=global  -o chroma_software.elf obj/default/HEX_PS2.o obj/default/main.o obj/default/pushbutton_ISR.o obj/default/switches_ISR.o -lm -msys-lib=m
nios2-elf-insert chroma_software.elf --thread_model hal --cpu_name cpu --qsys true --simulation_enabled false --id 0 --sidp 0x10001040 --timestamp 1644428085 --stderr_dev jtag_uart --stdin_dev jtag_uart --stdout_dev jtag_uart --sopc_system_name nios_system --quartus_project_dir "C:/Users/patvalma/Documents/GitHub/Chroma-Key/ChromaKey" --jdi ../..//output_files/DE2_115_Media_Computer.jdi --sopcinfo C:/Users/patvalma/Documents/GitHub/Chroma-Key/ChromaKey/software/chroma_software_bsp/../../nios_system.sopcinfo
Info: (chroma_software.elf) 111 KBytes program size (code + initialized data).
Info:                       130952 KBytes free for stack + heap.
Info: Creating chroma_software.objdump
nios2-elf-objdump --disassemble --syms --all-header --source chroma_software.elf >chroma_software.objdump
[chroma_software build complete]
